SF:lib/features/settings/settings_screen.dart
DA:6,1
DA:8,1
DA:10,1
DA:11,1
DA:13,3
DA:16,1
DA:17,1
DA:18,1
DA:20,1
DA:21,1
DA:22,1
DA:23,1
DA:31,1
DA:32,1
DA:34,1
DA:35,1
DA:39,1
DA:40,0
DA:41,1
DA:45,1
DA:46,3
DA:47,1
DA:49,1
DA:51,1
DA:52,4
DA:56,1
DA:57,4
DA:61,1
DA:68,1
DA:69,0
DA:70,0
DA:71,0
DA:73,0
DA:76,1
DA:86,1
DA:87,1
DA:89,1
DA:92,1
DA:94,1
DA:95,1
DA:96,1
DA:97,1
DA:98,1
DA:99,1
DA:101,1
DA:103,1
DA:114,1
DA:115,0
DA:119,1
DA:120,1
DA:138,1
DA:139,1
DA:142,1
DA:143,1
DA:145,1
DA:146,1
DA:147,0
DA:148,0
DA:150,0
DA:151,0
DA:155,0
DA:156,0
DA:157,0
DA:165,1
DA:167,1
DA:168,1
DA:171,1
DA:172,1
DA:174,1
LF:69
LH:56
end_of_record
SF:lib/app/bootstrap.dart
DA:74,1
DA:75,4
DA:82,1
DA:87,1
DA:88,1
DA:89,1
DA:90,1
DA:92,1
DA:107,0
DA:110,3
DA:113,0
DA:116,0
DA:123,0
DA:124,0
DA:125,0
DA:126,0
DA:127,0
DA:128,0
DA:129,0
DA:140,0
DA:141,0
DA:142,0
DA:144,0
DA:146,0
DA:147,0
DA:152,0
DA:153,0
DA:187,3
DA:188,0
DA:189,0
DA:190,0
DA:220,1
DA:244,0
DA:245,0
DA:246,0
DA:272,0
DA:273,0
DA:282,1
DA:303,0
DA:330,0
DA:331,0
DA:340,1
DA:357,0
LF:43
LH:13
end_of_record
SF:lib/shared/constants/theme_config.dart
DA:57,0
DA:66,0
DA:75,0
DA:76,0
LF:4
LH:0
end_of_record
