SF:lib/features/settings/settings_screen.dart
DA:6,1
DA:8,1
DA:10,1
DA:11,1
DA:13,3
DA:16,1
DA:17,1
DA:18,1
DA:20,1
DA:21,1
DA:22,1
DA:23,1
DA:31,1
DA:32,1
DA:34,1
DA:35,1
DA:38,1
DA:39,0
DA:40,1
DA:43,1
DA:44,3
DA:45,1
DA:47,1
DA:49,1
DA:50,4
DA:54,1
DA:55,4
DA:56,1
DA:63,1
DA:64,0
DA:65,0
DA:66,0
DA:68,0
DA:71,1
DA:81,1
DA:82,1
DA:84,1
DA:86,1
DA:88,1
DA:89,4
DA:90,1
DA:92,1
DA:94,1
DA:101,1
DA:102,0
DA:106,1
DA:107,1
DA:121,1
DA:122,1
DA:125,1
DA:126,1
DA:128,1
DA:129,1
DA:130,0
DA:131,0
DA:133,0
DA:134,0
DA:137,0
DA:138,0
DA:139,0
DA:147,1
DA:149,1
DA:150,1
DA:153,1
DA:154,1
DA:156,1
LF:66
LH:53
end_of_record
SF:lib/app/bootstrap.dart
DA:74,1
DA:75,4
DA:82,1
DA:87,1
DA:88,1
DA:89,1
DA:90,1
DA:92,1
DA:109,0
DA:112,3
DA:115,0
DA:118,0
DA:125,0
DA:126,0
DA:127,0
DA:128,0
DA:129,0
DA:130,0
DA:131,0
DA:142,0
DA:143,0
DA:144,0
DA:146,0
DA:148,0
DA:149,0
DA:154,0
DA:155,0
DA:189,3
DA:190,0
DA:191,0
DA:192,0
DA:222,1
DA:246,0
DA:247,0
DA:248,0
DA:274,0
DA:275,0
DA:284,1
DA:305,0
DA:332,0
DA:333,0
DA:342,1
DA:359,0
LF:43
LH:13
end_of_record
SF:lib/shared/constants/theme_config.dart
DA:57,0
DA:66,0
DA:75,0
LF:3
LH:0
end_of_record
